Using pre-set license
Built from '2020.2/staging' branch; Version is '2020.2.3f1 (8ff31bc5bf5b) revision 9433883'; Using compiler version '192528614'; Build Type 'Release'
OS: 'Windows 10 Home; OS build 19043.1237; Version 2009; 64bit' Language: 'en' Physical Memory: 16326 MB
BatchMode: 1, IsHumanControllingUs: 0, StartBugReporterOnCrash: 0, Is64bit: 1, IsPro: 0

 COMMAND LINE ARGUMENTS:
C:\Program Files\Unity\Hub\Editor\2020.2.3f1\Editor\Unity.exe
-adb2
-batchMode
-noUpm
-name
AssetImportWorker0
-projectPath
D:/github_portfolio/Alien_Invation/Alien_Invasion
-logFile
Logs/AssetImportWorker0.log
-srvPort
54901
Successfully changed project path to: D:/github_portfolio/Alien_Invation/Alien_Invasion
D:/github_portfolio/Alien_Invation/Alien_Invasion
Using Asset Import Pipeline V2.
Refreshing native plugins compatible for Editor in 43.01 ms, found 0 plugins.
Preloading 0 native plugins for Editor in 0.00 ms.
Initialize engine version: 2020.2.3f1 (8ff31bc5bf5b)
[Subsystems] Discovering subsystems at path C:/Program Files/Unity/Hub/Editor/2020.2.3f1/Editor/Data/Resources/UnitySubsystems
[Subsystems] Discovering subsystems at path D:/github_portfolio/Alien_Invation/Alien_Invasion/Assets
GfxDevice: creating device client; threaded=0
Direct3D:
    Version:  Direct3D 11.0 [level 11.1]
    Renderer: NVIDIA GeForce RTX 2060 SUPER (ID=0x1f06)
    Vendor:   
    VRAM:     8031 MB
    Driver:   30.0.14.7212
Shader 'Universal Render Pipeline/Particles/Lit': fallback shader 'Universal Render Pipeline/Particles/SimpleLit' not found
Initialize mono
Mono path[0] = 'C:/Program Files/Unity/Hub/Editor/2020.2.3f1/Editor/Data/Managed'
Mono path[1] = 'C:/Program Files/Unity/Hub/Editor/2020.2.3f1/Editor/Data/MonoBleedingEdge/lib/mono/unityjit'
Mono config path = 'C:/Program Files/Unity/Hub/Editor/2020.2.3f1/Editor/Data/MonoBleedingEdge/etc'
Using monoOptions --debugger-agent=transport=dt_socket,embedding=1,server=y,suspend=n,address=127.0.0.1:56628
Begin MonoManager ReloadAssembly
Registering precompiled unity dll's ...
Register platform support module: C:/Program Files/Unity/Hub/Editor/2020.2.3f1/Editor/Data/PlaybackEngines/WindowsStandaloneSupport/UnityEditor.WindowsStandalone.Extensions.dll
Registered in 0.001984 seconds.
Native extension for WindowsStandalone target not found
Refreshing native plugins compatible for Editor in 43.10 ms, found 0 plugins.
Preloading 0 native plugins for Editor in 0.00 ms.
Invoked RoslynAnalysisRunner static constructor.
RoslynAnalysisRunner will not be running.
RoslynAnalysisRunner has terminated.
Mono: successfully reloaded assembly
- Completed reload, in  0.953 seconds
Platform modules already initialized, skipping
Registering precompiled user dll's ...
Registered in 0.001025 seconds.
Begin MonoManager ReloadAssembly
Native extension for WindowsStandalone target not found
Refreshing native plugins compatible for Editor in 43.28 ms, found 0 plugins.
Preloading 0 native plugins for Editor in 0.00 ms.
Invoked RoslynAnalysisRunner static constructor.
RoslynAnalysisRunner will not be running.
RoslynAnalysisRunner has terminated.
Mono: successfully reloaded assembly
- Completed reload, in  0.891 seconds
Platform modules already initialized, skipping
========================================================================
Worker process is ready to serve import requests
Shader 'Universal Render Pipeline/Particles/Lit': fallback shader 'Universal Render Pipeline/Particles/SimpleLit' not found
Launched and connected shader compiler UnityShaderCompiler.exe after 0.04 seconds
Refreshing native plugins compatible for Editor in 0.47 ms, found 0 plugins.
Preloading 0 native plugins for Editor in 0.00 ms.
Unloading 2939 Unused Serialized files (Serialized files now loaded: 0)
System memory in use before: 145.8 MB.
System memory in use after: 144.2 MB.

Unloading 150 unused Assets to reduce memory usage. Loaded Objects now: 3366.
Total: 6.772500 ms (FindLiveObjects: 0.613100 ms CreateObjectMapping: 0.338900 ms MarkObjects: 4.170500 ms  DeleteObjects: 1.647800 ms)

========================================================================
Received Import Request.
  path: Assets/Scripts/MainMenu.cs
  artifactKey: Guid(9854f1eb98848c944bff9e14bedbd8ac) Importer(815301076,1909f56bfc062723c751e8b465ee728b)
Start importing Assets/Scripts/MainMenu.cs using Guid(9854f1eb98848c944bff9e14bedbd8ac) Importer(815301076,1909f56bfc062723c751e8b465ee728b)  -> (artifact id: '4d2240400bd07f0d6edfff6d504324cc') in 0.045381 seconds
  Import took 0.091122 seconds .

========================================================================
Received Import Request.
  Time since last request: 1.205756 seconds.
  path: Assets/Scripts/Enemys/EnemyAI.cs
  artifactKey: Guid(f9f63f83b370c0c41b03c9d593b3ef91) Importer(815301076,1909f56bfc062723c751e8b465ee728b)
Start importing Assets/Scripts/Enemys/EnemyAI.cs using Guid(f9f63f83b370c0c41b03c9d593b3ef91) Importer(815301076,1909f56bfc062723c751e8b465ee728b)  -> (artifact id: 'f0a32feec260430e84b5e5f92bf1d602') in 0.001310 seconds
  Import took 0.034893 seconds .

========================================================================
Received Import Request.
  Time since last request: 0.705875 seconds.
  path: Assets/Scripts/Enemys/MeleeAttack.cs
  artifactKey: Guid(2c7027486ca77ea4988e28865cc11e6f) Importer(815301076,1909f56bfc062723c751e8b465ee728b)
Start importing Assets/Scripts/Enemys/MeleeAttack.cs using Guid(2c7027486ca77ea4988e28865cc11e6f) Importer(815301076,1909f56bfc062723c751e8b465ee728b)  -> (artifact id: 'f0e7373e674ab98be092be5e158ce26e') in 0.001363 seconds
  Import took 0.014416 seconds .

========================================================================
Received Import Request.
  Time since last request: 0.000351 seconds.
  path: Assets/Scripts/Enemys/MeleeAttack.cs
  artifactKey: Guid(2c7027486ca77ea4988e28865cc11e6f) Importer(815301076,1909f56bfc062723c751e8b465ee728b)
Start importing Assets/Scripts/Enemys/MeleeAttack.cs using Guid(2c7027486ca77ea4988e28865cc11e6f) Importer(815301076,1909f56bfc062723c751e8b465ee728b)  -> (artifact id: 'f0e7373e674ab98be092be5e158ce26e') in 0.001207 seconds
  Import took 0.004776 seconds .

========================================================================
Received Prepare
Shader 'Universal Render Pipeline/Particles/Lit': fallback shader 'Universal Render Pipeline/Particles/SimpleLit' not found
Refreshing native plugins compatible for Editor in 0.99 ms, found 0 plugins.
Preloading 0 native plugins for Editor in 0.00 ms.
Unloading 29 Unused Serialized files (Serialized files now loaded: 0)
System memory in use before: 83.2 MB.
System memory in use after: 81.7 MB.

Unloading 29 unused Assets to reduce memory usage. Loaded Objects now: 3366.
Total: 3.571400 ms (FindLiveObjects: 0.302300 ms CreateObjectMapping: 0.167400 ms MarkObjects: 2.200300 ms  DeleteObjects: 0.900100 ms)

========================================================================
Received Import Request.
  Time since last request: 73.502785 seconds.
  path: Assets/Scripts/MainMenu.cs
  artifactKey: Guid(9854f1eb98848c944bff9e14bedbd8ac) Importer(815301076,1909f56bfc062723c751e8b465ee728b)
Start importing Assets/Scripts/MainMenu.cs using Guid(9854f1eb98848c944bff9e14bedbd8ac) Importer(815301076,1909f56bfc062723c751e8b465ee728b)  -> (artifact id: '46a00d3b9804ee2e061aef3ea8f4b0e1') in 0.001413 seconds
  Import took 0.015137 seconds .

========================================================================
Received Prepare
Registering precompiled user dll's ...
Registered in 0.001152 seconds.
Begin MonoManager ReloadAssembly
Native extension for WindowsStandalone target not found
Refreshing native plugins compatible for Editor in 0.46 ms, found 0 plugins.
Preloading 0 native plugins for Editor in 0.00 ms.
Warning: Annotation not found!
UnityEngine.StackTraceUtility:ExtractStackTrace ()
UnityEditor.ProBuilder.EditorUtility:SetGizmoIconEnabled (System.Type,bool) (at C:/Users/Joshua Verhoeff/Alien_Invasion/Library/PackageCache/com.unity.probuilder@4.4.0/Editor/EditorCore/EditorUtility.cs:593)
UnityEditor.ProBuilder.HierarchyListener:.cctor () (at C:/Users/Joshua Verhoeff/Alien_Invasion/Library/PackageCache/com.unity.probuilder@4.4.0/Editor/EditorCore/HierarchyListener.cs:21)
System.Runtime.CompilerServices.RuntimeHelpers:RunClassConstructor (System.RuntimeTypeHandle)
UnityEditor.EditorAssemblies:ProcessInitializeOnLoadAttributes (System.Type[])

[C:/Users/Joshua Verhoeff/Alien_Invasion/Library/PackageCache/com.unity.probuilder@4.4.0/Editor/EditorCore/EditorUtility.cs line 593]

Invoked RoslynAnalysisRunner static constructor.
RoslynAnalysisRunner will not be running.
RoslynAnalysisRunner has terminated.
Mono: successfully reloaded assembly
- Completed reload, in  0.835 seconds
Platform modules already initialized, skipping
Shader 'Universal Render Pipeline/Particles/Lit': fallback shader 'Universal Render Pipeline/Particles/SimpleLit' not found
Refreshing native plugins compatible for Editor in 0.46 ms, found 0 plugins.
Preloading 0 native plugins for Editor in 0.00 ms.
Unloading 2806 Unused Serialized files (Serialized files now loaded: 0)
System memory in use before: 138.4 MB.
System memory in use after: 136.9 MB.

Unloading 34 unused Assets to reduce memory usage. Loaded Objects now: 3368.
Total: 4.422500 ms (FindLiveObjects: 0.320900 ms CreateObjectMapping: 0.147600 ms MarkObjects: 2.705400 ms  DeleteObjects: 1.247200 ms)

========================================================================
Received Import Request.
  Time since last request: 35.907180 seconds.
  path: Assets/Scripts/WaveManager.cs
  artifactKey: Guid(96844ff67b051a344897bcd75eb0f201) Importer(815301076,1909f56bfc062723c751e8b465ee728b)
Start importing Assets/Scripts/WaveManager.cs using Guid(96844ff67b051a344897bcd75eb0f201) Importer(815301076,1909f56bfc062723c751e8b465ee728b)  -> (artifact id: 'b49aff24eb271a10f5b4ce4f9dd857a0') in 0.004432 seconds
  Import took 0.016175 seconds .

========================================================================
Received Prepare
Registering precompiled user dll's ...
Registered in 0.001146 seconds.
Begin MonoManager ReloadAssembly
Native extension for WindowsStandalone target not found
Refreshing native plugins compatible for Editor in 0.53 ms, found 0 plugins.
Preloading 0 native plugins for Editor in 0.00 ms.
Warning: Annotation not found!
UnityEngine.StackTraceUtility:ExtractStackTrace ()
UnityEditor.ProBuilder.EditorUtility:SetGizmoIconEnabled (System.Type,bool) (at C:/Users/Joshua Verhoeff/Alien_Invasion/Library/PackageCache/com.unity.probuilder@4.4.0/Editor/EditorCore/EditorUtility.cs:593)
UnityEditor.ProBuilder.HierarchyListener:.cctor () (at C:/Users/Joshua Verhoeff/Alien_Invasion/Library/PackageCache/com.unity.probuilder@4.4.0/Editor/EditorCore/HierarchyListener.cs:21)
System.Runtime.CompilerServices.RuntimeHelpers:RunClassConstructor (System.RuntimeTypeHandle)
UnityEditor.EditorAssemblies:ProcessInitializeOnLoadAttributes (System.Type[])

[C:/Users/Joshua Verhoeff/Alien_Invasion/Library/PackageCache/com.unity.probuilder@4.4.0/Editor/EditorCore/EditorUtility.cs line 593]

Invoked RoslynAnalysisRunner static constructor.
RoslynAnalysisRunner will not be running.
RoslynAnalysisRunner has terminated.
Mono: successfully reloaded assembly
- Completed reload, in  0.812 seconds
Platform modules already initialized, skipping
Shader 'Universal Render Pipeline/Particles/Lit': fallback shader 'Universal Render Pipeline/Particles/SimpleLit' not found
Refreshing native plugins compatible for Editor in 0.45 ms, found 0 plugins.
Preloading 0 native plugins for Editor in 0.00 ms.
Unloading 2806 Unused Serialized files (Serialized files now loaded: 0)
System memory in use before: 138.4 MB.
System memory in use after: 136.9 MB.

Unloading 34 unused Assets to reduce memory usage. Loaded Objects now: 3370.
Total: 2.805600 ms (FindLiveObjects: 0.217500 ms CreateObjectMapping: 0.097300 ms MarkObjects: 1.666400 ms  DeleteObjects: 0.823600 ms)

========================================================================
Received Import Request.
  Time since last request: 26.031233 seconds.
  path: Assets/Scripts/WaveManager.cs
  artifactKey: Guid(96844ff67b051a344897bcd75eb0f201) Importer(815301076,1909f56bfc062723c751e8b465ee728b)
Start importing Assets/Scripts/WaveManager.cs using Guid(96844ff67b051a344897bcd75eb0f201) Importer(815301076,1909f56bfc062723c751e8b465ee728b)  -> (artifact id: '2c7dc23058fb76005d7232e4c66a8c5a') in 0.004064 seconds
  Import took 0.017411 seconds .

========================================================================
Received Import Request.
  Time since last request: 0.000234 seconds.
  path: Assets/Scripts/GameManager.cs
  artifactKey: Guid(d9b24b00b40bd95428f82cd8e8501a2b) Importer(815301076,1909f56bfc062723c751e8b465ee728b)
Start importing Assets/Scripts/GameManager.cs using Guid(d9b24b00b40bd95428f82cd8e8501a2b) Importer(815301076,1909f56bfc062723c751e8b465ee728b)  -> (artifact id: '6de22860e5166862c830ac55690cb785') in 0.001237 seconds
  Import took 0.011730 seconds .

========================================================================
Received Prepare
Registering precompiled user dll's ...
Registered in 0.001114 seconds.
Begin MonoManager ReloadAssembly
Native extension for WindowsStandalone target not found
Refreshing native plugins compatible for Editor in 0.62 ms, found 0 plugins.
Preloading 0 native plugins for Editor in 0.00 ms.
Warning: Annotation not found!
UnityEngine.StackTraceUtility:ExtractStackTrace ()
UnityEditor.ProBuilder.EditorUtility:SetGizmoIconEnabled (System.Type,bool) (at C:/Users/Joshua Verhoeff/Alien_Invasion/Library/PackageCache/com.unity.probuilder@4.4.0/Editor/EditorCore/EditorUtility.cs:593)
UnityEditor.ProBuilder.HierarchyListener:.cctor () (at C:/Users/Joshua Verhoeff/Alien_Invasion/Library/PackageCache/com.unity.probuilder@4.4.0/Editor/EditorCore/HierarchyListener.cs:21)
System.Runtime.CompilerServices.RuntimeHelpers:RunClassConstructor (System.RuntimeTypeHandle)
UnityEditor.EditorAssemblies:ProcessInitializeOnLoadAttributes (System.Type[])

[C:/Users/Joshua Verhoeff/Alien_Invasion/Library/PackageCache/com.unity.probuilder@4.4.0/Editor/EditorCore/EditorUtility.cs line 593]

Invoked RoslynAnalysisRunner static constructor.
RoslynAnalysisRunner will not be running.
RoslynAnalysisRunner has terminated.
Mono: successfully reloaded assembly
- Completed reload, in  0.803 seconds
Platform modules already initialized, skipping
Shader 'Universal Render Pipeline/Particles/Lit': fallback shader 'Universal Render Pipeline/Particles/SimpleLit' not found
Refreshing native plugins compatible for Editor in 0.47 ms, found 0 plugins.
Preloading 0 native plugins for Editor in 0.00 ms.
Unloading 2806 Unused Serialized files (Serialized files now loaded: 0)
System memory in use before: 138.4 MB.
System memory in use after: 137.0 MB.

Unloading 34 unused Assets to reduce memory usage. Loaded Objects now: 3372.
Total: 3.624500 ms (FindLiveObjects: 0.353700 ms CreateObjectMapping: 0.192800 ms MarkObjects: 2.119800 ms  DeleteObjects: 0.956700 ms)

========================================================================
Received Import Request.
  Time since last request: 33.247114 seconds.
  path: Assets/Scripts/GameManager.cs
  artifactKey: Guid(d9b24b00b40bd95428f82cd8e8501a2b) Importer(815301076,1909f56bfc062723c751e8b465ee728b)
Start importing Assets/Scripts/GameManager.cs using Guid(d9b24b00b40bd95428f82cd8e8501a2b) Importer(815301076,1909f56bfc062723c751e8b465ee728b)  -> (artifact id: '113f5657ad06901728bb554394a14b51') in 0.005006 seconds
  Import took 0.029512 seconds .

========================================================================
Received Import Request.
  Time since last request: 120.613734 seconds.
  path: Assets/Scripts/MainMenu.cs
  artifactKey: Guid(9854f1eb98848c944bff9e14bedbd8ac) Importer(815301076,1909f56bfc062723c751e8b465ee728b)
Start importing Assets/Scripts/MainMenu.cs using Guid(9854f1eb98848c944bff9e14bedbd8ac) Importer(815301076,1909f56bfc062723c751e8b465ee728b)  -> (artifact id: 'fe5d5fd429801ca6d4c45962f913f7bc') in 0.001451 seconds
  Import took 0.023526 seconds .

========================================================================
Received Prepare
Registering precompiled user dll's ...
Registered in 0.001133 seconds.
Begin MonoManager ReloadAssembly
Native extension for WindowsStandalone target not found
Refreshing native plugins compatible for Editor in 0.48 ms, found 0 plugins.
Preloading 0 native plugins for Editor in 0.00 ms.
Warning: Annotation not found!
UnityEngine.StackTraceUtility:ExtractStackTrace ()
UnityEditor.ProBuilder.EditorUtility:SetGizmoIconEnabled (System.Type,bool) (at C:/Users/Joshua Verhoeff/Alien_Invasion/Library/PackageCache/com.unity.probuilder@4.4.0/Editor/EditorCore/EditorUtility.cs:593)
UnityEditor.ProBuilder.HierarchyListener:.cctor () (at C:/Users/Joshua Verhoeff/Alien_Invasion/Library/PackageCache/com.unity.probuilder@4.4.0/Editor/EditorCore/HierarchyListener.cs:21)
System.Runtime.CompilerServices.RuntimeHelpers:RunClassConstructor (System.RuntimeTypeHandle)
UnityEditor.EditorAssemblies:ProcessInitializeOnLoadAttributes (System.Type[])

[C:/Users/Joshua Verhoeff/Alien_Invasion/Library/PackageCache/com.unity.probuilder@4.4.0/Editor/EditorCore/EditorUtility.cs line 593]

Invoked RoslynAnalysisRunner static constructor.
RoslynAnalysisRunner will not be running.
RoslynAnalysisRunner has terminated.
Mono: successfully reloaded assembly
- Completed reload, in  0.817 seconds
Platform modules already initialized, skipping
Shader 'Universal Render Pipeline/Particles/Lit': fallback shader 'Universal Render Pipeline/Particles/SimpleLit' not found
Refreshing native plugins compatible for Editor in 0.48 ms, found 0 plugins.
Preloading 0 native plugins for Editor in 0.00 ms.
Unloading 2806 Unused Serialized files (Serialized files now loaded: 0)
System memory in use before: 138.4 MB.
System memory in use after: 137.0 MB.

Unloading 34 unused Assets to reduce memory usage. Loaded Objects now: 3374.
Total: 3.093100 ms (FindLiveObjects: 0.246500 ms CreateObjectMapping: 0.162100 ms MarkObjects: 1.828000 ms  DeleteObjects: 0.855600 ms)

========================================================================
Received Import Request.
  Time since last request: 29.583650 seconds.
  path: Assets/Scripts/Enemys/EnemyAI.cs
  artifactKey: Guid(f9f63f83b370c0c41b03c9d593b3ef91) Importer(815301076,1909f56bfc062723c751e8b465ee728b)
Start importing Assets/Scripts/Enemys/EnemyAI.cs using Guid(f9f63f83b370c0c41b03c9d593b3ef91) Importer(815301076,1909f56bfc062723c751e8b465ee728b)  -> (artifact id: 'a889dd4b38125f80ed86f519867a7bb0') in 0.004056 seconds
  Import took 0.017566 seconds .

========================================================================
Received Prepare
Registering precompiled user dll's ...
Registered in 0.001153 seconds.
Begin MonoManager ReloadAssembly
Native extension for WindowsStandalone target not found
Refreshing native plugins compatible for Editor in 0.45 ms, found 0 plugins.
Preloading 0 native plugins for Editor in 0.00 ms.
Warning: Annotation not found!
UnityEngine.StackTraceUtility:ExtractStackTrace ()
UnityEditor.ProBuilder.EditorUtility:SetGizmoIconEnabled (System.Type,bool) (at C:/Users/Joshua Verhoeff/Alien_Invasion/Library/PackageCache/com.unity.probuilder@4.4.0/Editor/EditorCore/EditorUtility.cs:593)
UnityEditor.ProBuilder.HierarchyListener:.cctor () (at C:/Users/Joshua Verhoeff/Alien_Invasion/Library/PackageCache/com.unity.probuilder@4.4.0/Editor/EditorCore/HierarchyListener.cs:21)
System.Runtime.CompilerServices.RuntimeHelpers:RunClassConstructor (System.RuntimeTypeHandle)
UnityEditor.EditorAssemblies:ProcessInitializeOnLoadAttributes (System.Type[])

[C:/Users/Joshua Verhoeff/Alien_Invasion/Library/PackageCache/com.unity.probuilder@4.4.0/Editor/EditorCore/EditorUtility.cs line 593]

Invoked RoslynAnalysisRunner static constructor.
RoslynAnalysisRunner will not be running.
RoslynAnalysisRunner has terminated.
Mono: successfully reloaded assembly
- Completed reload, in  0.744 seconds
Platform modules already initialized, skipping
Shader 'Universal Render Pipeline/Particles/Lit': fallback shader 'Universal Render Pipeline/Particles/SimpleLit' not found
Refreshing native plugins compatible for Editor in 0.45 ms, found 0 plugins.
Preloading 0 native plugins for Editor in 0.00 ms.
Unloading 2806 Unused Serialized files (Serialized files now loaded: 0)
System memory in use before: 138.5 MB.
System memory in use after: 137.0 MB.

Unloading 34 unused Assets to reduce memory usage. Loaded Objects now: 3376.
Total: 3.424900 ms (FindLiveObjects: 0.348500 ms CreateObjectMapping: 0.129200 ms MarkObjects: 1.964800 ms  DeleteObjects: 0.981600 ms)

========================================================================
Received Import Request.
  Time since last request: 50.459332 seconds.
  path: Assets/Scripts/Enemys/MeleeAttack.cs
  artifactKey: Guid(2c7027486ca77ea4988e28865cc11e6f) Importer(815301076,1909f56bfc062723c751e8b465ee728b)
Start importing Assets/Scripts/Enemys/MeleeAttack.cs using Guid(2c7027486ca77ea4988e28865cc11e6f) Importer(815301076,1909f56bfc062723c751e8b465ee728b)  -> (artifact id: 'f3e4d6b393d02a697ebd2c9219c14149') in 0.004699 seconds
  Import took 0.022644 seconds .

========================================================================
Received Prepare
Registering precompiled user dll's ...
Registered in 0.001141 seconds.
Begin MonoManager ReloadAssembly
Native extension for WindowsStandalone target not found
Refreshing native plugins compatible for Editor in 0.45 ms, found 0 plugins.
Preloading 0 native plugins for Editor in 0.00 ms.
Warning: Annotation not found!
UnityEngine.StackTraceUtility:ExtractStackTrace ()
UnityEditor.ProBuilder.EditorUtility:SetGizmoIconEnabled (System.Type,bool) (at C:/Users/Joshua Verhoeff/Alien_Invasion/Library/PackageCache/com.unity.probuilder@4.4.0/Editor/EditorCore/EditorUtility.cs:593)
UnityEditor.ProBuilder.HierarchyListener:.cctor () (at C:/Users/Joshua Verhoeff/Alien_Invasion/Library/PackageCache/com.unity.probuilder@4.4.0/Editor/EditorCore/HierarchyListener.cs:21)
System.Runtime.CompilerServices.RuntimeHelpers:RunClassConstructor (System.RuntimeTypeHandle)
UnityEditor.EditorAssemblies:ProcessInitializeOnLoadAttributes (System.Type[])

[C:/Users/Joshua Verhoeff/Alien_Invasion/Library/PackageCache/com.unity.probuilder@4.4.0/Editor/EditorCore/EditorUtility.cs line 593]

Invoked RoslynAnalysisRunner static constructor.
RoslynAnalysisRunner will not be running.
RoslynAnalysisRunner has terminated.
Mono: successfully reloaded assembly
- Completed reload, in  0.737 seconds
Platform modules already initialized, skipping
Shader 'Universal Render Pipeline/Particles/Lit': fallback shader 'Universal Render Pipeline/Particles/SimpleLit' not found
Refreshing native plugins compatible for Editor in 0.47 ms, found 0 plugins.
Preloading 0 native plugins for Editor in 0.00 ms.
Unloading 2806 Unused Serialized files (Serialized files now loaded: 0)
System memory in use before: 138.5 MB.
System memory in use after: 137.0 MB.

Unloading 34 unused Assets to reduce memory usage. Loaded Objects now: 3378.
Total: 2.973100 ms (FindLiveObjects: 0.228800 ms CreateObjectMapping: 0.117900 ms MarkObjects: 1.777400 ms  DeleteObjects: 0.848200 ms)

========================================================================
Received Import Request.
  Time since last request: 155.348039 seconds.
  path: Assets/Scripts/Pickups/AmmoPack.cs
  artifactKey: Guid(ef6bf4010970d0148bcd1c9bcd28553a) Importer(815301076,1909f56bfc062723c751e8b465ee728b)
Start importing Assets/Scripts/Pickups/AmmoPack.cs using Guid(ef6bf4010970d0148bcd1c9bcd28553a) Importer(815301076,1909f56bfc062723c751e8b465ee728b)  -> (artifact id: '3bf5ba0f3bff8091fd9c8174ea8b6569') in 0.005224 seconds
  Import took 0.010022 seconds .

========================================================================
Received Prepare
Registering precompiled user dll's ...
Registered in 0.001156 seconds.
Begin MonoManager ReloadAssembly
Native extension for WindowsStandalone target not found
Refreshing native plugins compatible for Editor in 0.45 ms, found 0 plugins.
Preloading 0 native plugins for Editor in 0.00 ms.
Warning: Annotation not found!
UnityEngine.StackTraceUtility:ExtractStackTrace ()
UnityEditor.ProBuilder.EditorUtility:SetGizmoIconEnabled (System.Type,bool) (at C:/Users/Joshua Verhoeff/Alien_Invasion/Library/PackageCache/com.unity.probuilder@4.4.0/Editor/EditorCore/EditorUtility.cs:593)
UnityEditor.ProBuilder.HierarchyListener:.cctor () (at C:/Users/Joshua Verhoeff/Alien_Invasion/Library/PackageCache/com.unity.probuilder@4.4.0/Editor/EditorCore/HierarchyListener.cs:21)
System.Runtime.CompilerServices.RuntimeHelpers:RunClassConstructor (System.RuntimeTypeHandle)
UnityEditor.EditorAssemblies:ProcessInitializeOnLoadAttributes (System.Type[])

[C:/Users/Joshua Verhoeff/Alien_Invasion/Library/PackageCache/com.unity.probuilder@4.4.0/Editor/EditorCore/EditorUtility.cs line 593]

Invoked RoslynAnalysisRunner static constructor.
RoslynAnalysisRunner will not be running.
RoslynAnalysisRunner has terminated.
Mono: successfully reloaded assembly
- Completed reload, in  0.719 seconds
Platform modules already initialized, skipping
Shader 'Universal Render Pipeline/Particles/Lit': fallback shader 'Universal Render Pipeline/Particles/SimpleLit' not found
Refreshing native plugins compatible for Editor in 0.47 ms, found 0 plugins.
Preloading 0 native plugins for Editor in 0.00 ms.
Unloading 2806 Unused Serialized files (Serialized files now loaded: 0)
System memory in use before: 138.5 MB.
System memory in use after: 137.0 MB.

Unloading 34 unused Assets to reduce memory usage. Loaded Objects now: 3380.
Total: 4.247400 ms (FindLiveObjects: 0.348100 ms CreateObjectMapping: 0.170300 ms MarkObjects: 2.816000 ms  DeleteObjects: 0.912100 ms)

========================================================================
Received Import Request.
  Time since last request: 32.611928 seconds.
  path: Assets/Scripts/Pickups/HealthPack.cs
  artifactKey: Guid(093c5ca779467d5469de62d2780c350f) Importer(815301076,1909f56bfc062723c751e8b465ee728b)
Start importing Assets/Scripts/Pickups/HealthPack.cs using Guid(093c5ca779467d5469de62d2780c350f) Importer(815301076,1909f56bfc062723c751e8b465ee728b)  -> (artifact id: '70bdd3e54c63cd7df3f375a2c70ab3fc') in 0.004432 seconds
  Import took 0.018853 seconds .

========================================================================
Received Import Request.
  Time since last request: 0.000249 seconds.
  path: Assets/Scripts/Pickups/AmmoPack.cs
  artifactKey: Guid(ef6bf4010970d0148bcd1c9bcd28553a) Importer(815301076,1909f56bfc062723c751e8b465ee728b)
Start importing Assets/Scripts/Pickups/AmmoPack.cs using Guid(ef6bf4010970d0148bcd1c9bcd28553a) Importer(815301076,1909f56bfc062723c751e8b465ee728b)  -> (artifact id: 'b2621be6b573a9484608fe936318656f') in 0.001228 seconds
  Import took 0.012067 seconds .

========================================================================
Received Prepare
Registering precompiled user dll's ...
Registered in 0.001128 seconds.
Begin MonoManager ReloadAssembly
Native extension for WindowsStandalone target not found
Refreshing native plugins compatible for Editor in 0.49 ms, found 0 plugins.
Preloading 0 native plugins for Editor in 0.00 ms.
Warning: Annotation not found!
UnityEngine.StackTraceUtility:ExtractStackTrace ()
UnityEditor.ProBuilder.EditorUtility:SetGizmoIconEnabled (System.Type,bool) (at C:/Users/Joshua Verhoeff/Alien_Invasion/Library/PackageCache/com.unity.probuilder@4.4.0/Editor/EditorCore/EditorUtility.cs:593)
UnityEditor.ProBuilder.HierarchyListener:.cctor () (at C:/Users/Joshua Verhoeff/Alien_Invasion/Library/PackageCache/com.unity.probuilder@4.4.0/Editor/EditorCore/HierarchyListener.cs:21)
System.Runtime.CompilerServices.RuntimeHelpers:RunClassConstructor (System.RuntimeTypeHandle)
UnityEditor.EditorAssemblies:ProcessInitializeOnLoadAttributes (System.Type[])

[C:/Users/Joshua Verhoeff/Alien_Invasion/Library/PackageCache/com.unity.probuilder@4.4.0/Editor/EditorCore/EditorUtility.cs line 593]

Invoked RoslynAnalysisRunner static constructor.
RoslynAnalysisRunner will not be running.
RoslynAnalysisRunner has terminated.
Mono: successfully reloaded assembly
- Completed reload, in  0.731 seconds
Platform modules already initialized, skipping
Shader 'Universal Render Pipeline/Particles/Lit': fallback shader 'Universal Render Pipeline/Particles/SimpleLit' not found
Refreshing native plugins compatible for Editor in 0.46 ms, found 0 plugins.
Preloading 0 native plugins for Editor in 0.00 ms.
Unloading 2806 Unused Serialized files (Serialized files now loaded: 0)
System memory in use before: 138.5 MB.
System memory in use after: 137.0 MB.

Unloading 34 unused Assets to reduce memory usage. Loaded Objects now: 3382.
Total: 2.919100 ms (FindLiveObjects: 0.226900 ms CreateObjectMapping: 0.110200 ms MarkObjects: 1.728400 ms  DeleteObjects: 0.852800 ms)

========================================================================
Received Import Request.
  Time since last request: 24.510603 seconds.
  path: Assets/Scripts/Pickups/HealthPack.cs
  artifactKey: Guid(093c5ca779467d5469de62d2780c350f) Importer(815301076,1909f56bfc062723c751e8b465ee728b)
Start importing Assets/Scripts/Pickups/HealthPack.cs using Guid(093c5ca779467d5469de62d2780c350f) Importer(815301076,1909f56bfc062723c751e8b465ee728b)  -> (artifact id: 'fd76e0692e693165baec7d80ae7b75d5') in 0.009220 seconds
  Import took 0.043030 seconds .

========================================================================
Received Import Request.
  Time since last request: 1.382125 seconds.
  path: Assets/Scripts/Player/BuyArea.cs
  artifactKey: Guid(ecae76fa27e39b743ab36a3939f8865d) Importer(815301076,1909f56bfc062723c751e8b465ee728b)
Start importing Assets/Scripts/Player/BuyArea.cs using Guid(ecae76fa27e39b743ab36a3939f8865d) Importer(815301076,1909f56bfc062723c751e8b465ee728b)  -> (artifact id: '1a91f90c1fe9c6869eed7a2b030c9d4a') in 0.001641 seconds
  Import took 0.018279 seconds .

========================================================================
Received Prepare
Registering precompiled user dll's ...
Registered in 0.001149 seconds.
Begin MonoManager ReloadAssembly
Native extension for WindowsStandalone target not found
Refreshing native plugins compatible for Editor in 0.51 ms, found 0 plugins.
Preloading 0 native plugins for Editor in 0.00 ms.
Warning: Annotation not found!
UnityEngine.StackTraceUtility:ExtractStackTrace ()
UnityEditor.ProBuilder.EditorUtility:SetGizmoIconEnabled (System.Type,bool) (at C:/Users/Joshua Verhoeff/Alien_Invasion/Library/PackageCache/com.unity.probuilder@4.4.0/Editor/EditorCore/EditorUtility.cs:593)
UnityEditor.ProBuilder.HierarchyListener:.cctor () (at C:/Users/Joshua Verhoeff/Alien_Invasion/Library/PackageCache/com.unity.probuilder@4.4.0/Editor/EditorCore/HierarchyListener.cs:21)
System.Runtime.CompilerServices.RuntimeHelpers:RunClassConstructor (System.RuntimeTypeHandle)
UnityEditor.EditorAssemblies:ProcessInitializeOnLoadAttributes (System.Type[])

[C:/Users/Joshua Verhoeff/Alien_Invasion/Library/PackageCache/com.unity.probuilder@4.4.0/Editor/EditorCore/EditorUtility.cs line 593]

Invoked RoslynAnalysisRunner static constructor.
RoslynAnalysisRunner will not be running.
RoslynAnalysisRunner has terminated.
Mono: successfully reloaded assembly
- Completed reload, in  0.736 seconds
Platform modules already initialized, skipping
Shader 'Universal Render Pipeline/Particles/Lit': fallback shader 'Universal Render Pipeline/Particles/SimpleLit' not found
Refreshing native plugins compatible for Editor in 0.48 ms, found 0 plugins.
Preloading 0 native plugins for Editor in 0.00 ms.
Unloading 2806 Unused Serialized files (Serialized files now loaded: 0)
System memory in use before: 138.5 MB.
System memory in use after: 137.0 MB.

Unloading 34 unused Assets to reduce memory usage. Loaded Objects now: 3384.
Total: 3.638200 ms (FindLiveObjects: 0.303200 ms CreateObjectMapping: 0.142200 ms MarkObjects: 2.227100 ms  DeleteObjects: 0.964600 ms)

========================================================================
Received Import Request.
  Time since last request: 25.874682 seconds.
  path: Assets/Scripts/Player/BuyArea.cs
  artifactKey: Guid(ecae76fa27e39b743ab36a3939f8865d) Importer(815301076,1909f56bfc062723c751e8b465ee728b)
Start importing Assets/Scripts/Player/BuyArea.cs using Guid(ecae76fa27e39b743ab36a3939f8865d) Importer(815301076,1909f56bfc062723c751e8b465ee728b)  -> (artifact id: 'ff96304edba12ed253f93d344156b133') in 0.005543 seconds
  Import took 0.024538 seconds .

========================================================================
Received Import Request.
  Time since last request: 0.000205 seconds.
  path: Assets/Scripts/Player/FirstPersonPlayer.cs
  artifactKey: Guid(80ad4ccb70b4b254aa3d6aa508fd1955) Importer(815301076,1909f56bfc062723c751e8b465ee728b)
Start importing Assets/Scripts/Player/FirstPersonPlayer.cs using Guid(80ad4ccb70b4b254aa3d6aa508fd1955) Importer(815301076,1909f56bfc062723c751e8b465ee728b)  -> (artifact id: '2ba5b1098bcb4c34d536b2ef5f3570e6') in 0.002246 seconds
  Import took 0.009423 seconds .

========================================================================
Received Import Request.
  Time since last request: 0.001698 seconds.
  path: Assets/Scripts/Player/FirstPersonPlayer.cs
  artifactKey: Guid(80ad4ccb70b4b254aa3d6aa508fd1955) Importer(815301076,1909f56bfc062723c751e8b465ee728b)
Start importing Assets/Scripts/Player/FirstPersonPlayer.cs using Guid(80ad4ccb70b4b254aa3d6aa508fd1955) Importer(815301076,1909f56bfc062723c751e8b465ee728b)  -> (artifact id: '2ba5b1098bcb4c34d536b2ef5f3570e6') in 0.001628 seconds
  Import took 0.005310 seconds .

========================================================================
Received Prepare
Registering precompiled user dll's ...
Registered in 0.001154 seconds.
Begin MonoManager ReloadAssembly
Native extension for WindowsStandalone target not found
Refreshing native plugins compatible for Editor in 0.45 ms, found 0 plugins.
Preloading 0 native plugins for Editor in 0.00 ms.
Warning: Annotation not found!
UnityEngine.StackTraceUtility:ExtractStackTrace ()
UnityEditor.ProBuilder.EditorUtility:SetGizmoIconEnabled (System.Type,bool) (at C:/Users/Joshua Verhoeff/Alien_Invasion/Library/PackageCache/com.unity.probuilder@4.4.0/Editor/EditorCore/EditorUtility.cs:593)
UnityEditor.ProBuilder.HierarchyListener:.cctor () (at C:/Users/Joshua Verhoeff/Alien_Invasion/Library/PackageCache/com.unity.probuilder@4.4.0/Editor/EditorCore/HierarchyListener.cs:21)
System.Runtime.CompilerServices.RuntimeHelpers:RunClassConstructor (System.RuntimeTypeHandle)
UnityEditor.EditorAssemblies:ProcessInitializeOnLoadAttributes (System.Type[])

[C:/Users/Joshua Verhoeff/Alien_Invasion/Library/PackageCache/com.unity.probuilder@4.4.0/Editor/EditorCore/EditorUtility.cs line 593]

Invoked RoslynAnalysisRunner static constructor.
RoslynAnalysisRunner will not be running.
RoslynAnalysisRunner has terminated.
Mono: successfully reloaded assembly
- Completed reload, in  0.753 seconds
Platform modules already initialized, skipping
Shader 'Universal Render Pipeline/Particles/Lit': fallback shader 'Universal Render Pipeline/Particles/SimpleLit' not found
Refreshing native plugins compatible for Editor in 0.46 ms, found 0 plugins.
Preloading 0 native plugins for Editor in 0.00 ms.
Unloading 2806 Unused Serialized files (Serialized files now loaded: 0)
System memory in use before: 138.5 MB.
System memory in use after: 137.0 MB.

Unloading 34 unused Assets to reduce memory usage. Loaded Objects now: 3386.
Total: 3.066900 ms (FindLiveObjects: 0.231300 ms CreateObjectMapping: 0.115500 ms MarkObjects: 1.856300 ms  DeleteObjects: 0.863100 ms)

========================================================================
Received Import Request.
  Time since last request: 21.832441 seconds.
  path: Assets/Scripts/Player/FirstPersonPlayer.cs
  artifactKey: Guid(80ad4ccb70b4b254aa3d6aa508fd1955) Importer(815301076,1909f56bfc062723c751e8b465ee728b)
Start importing Assets/Scripts/Player/FirstPersonPlayer.cs using Guid(80ad4ccb70b4b254aa3d6aa508fd1955) Importer(815301076,1909f56bfc062723c751e8b465ee728b)  -> (artifact id: '4c86f93a94c198ebcc1a5f5b18265a0d') in 0.011495 seconds
  Import took 0.035702 seconds .

========================================================================
Received Import Request.
  Time since last request: 0.136091 seconds.
  path: Assets/Scripts/Weapons/BuyWeapon.cs
  artifactKey: Guid(ded71dcc6bec0ec4d9f6a2f4f1d9eb67) Importer(815301076,1909f56bfc062723c751e8b465ee728b)
Start importing Assets/Scripts/Weapons/BuyWeapon.cs using Guid(ded71dcc6bec0ec4d9f6a2f4f1d9eb67) Importer(815301076,1909f56bfc062723c751e8b465ee728b)  -> (artifact id: '94a0224365bafa5886b1608bd2b7c317') in 0.001676 seconds
  Import took 0.008173 seconds .

========================================================================
Received Import Request.
  Time since last request: 0.001157 seconds.
  path: Assets/Scripts/Weapons/BuyWeapon.cs
  artifactKey: Guid(ded71dcc6bec0ec4d9f6a2f4f1d9eb67) Importer(815301076,1909f56bfc062723c751e8b465ee728b)
Start importing Assets/Scripts/Weapons/BuyWeapon.cs using Guid(ded71dcc6bec0ec4d9f6a2f4f1d9eb67) Importer(815301076,1909f56bfc062723c751e8b465ee728b)  -> (artifact id: '94a0224365bafa5886b1608bd2b7c317') in 0.001574 seconds
  Import took 0.005067 seconds .

========================================================================
Received Prepare
Registering precompiled user dll's ...
Registered in 0.001266 seconds.
Begin MonoManager ReloadAssembly
Native extension for WindowsStandalone target not found
Refreshing native plugins compatible for Editor in 0.46 ms, found 0 plugins.
Preloading 0 native plugins for Editor in 0.00 ms.
Warning: Annotation not found!
UnityEngine.StackTraceUtility:ExtractStackTrace ()
UnityEditor.ProBuilder.EditorUtility:SetGizmoIconEnabled (System.Type,bool) (at C:/Users/Joshua Verhoeff/Alien_Invasion/Library/PackageCache/com.unity.probuilder@4.4.0/Editor/EditorCore/EditorUtility.cs:593)
UnityEditor.ProBuilder.HierarchyListener:.cctor () (at C:/Users/Joshua Verhoeff/Alien_Invasion/Library/PackageCache/com.unity.probuilder@4.4.0/Editor/EditorCore/HierarchyListener.cs:21)
System.Runtime.CompilerServices.RuntimeHelpers:RunClassConstructor (System.RuntimeTypeHandle)
UnityEditor.EditorAssemblies:ProcessInitializeOnLoadAttributes (System.Type[])

[C:/Users/Joshua Verhoeff/Alien_Invasion/Library/PackageCache/com.unity.probuilder@4.4.0/Editor/EditorCore/EditorUtility.cs line 593]

Invoked RoslynAnalysisRunner static constructor.
RoslynAnalysisRunner will not be running.
RoslynAnalysisRunner has terminated.
Mono: successfully reloaded assembly
- Completed reload, in  0.721 seconds
Platform modules already initialized, skipping
Shader 'Universal Render Pipeline/Particles/Lit': fallback shader 'Universal Render Pipeline/Particles/SimpleLit' not found
Refreshing native plugins compatible for Editor in 0.45 ms, found 0 plugins.
Preloading 0 native plugins for Editor in 0.00 ms.
Unloading 2806 Unused Serialized files (Serialized files now loaded: 0)
System memory in use before: 138.5 MB.
System memory in use after: 137.0 MB.

Unloading 34 unused Assets to reduce memory usage. Loaded Objects now: 3388.
Total: 8.814600 ms (FindLiveObjects: 0.832700 ms CreateObjectMapping: 0.453000 ms MarkObjects: 5.525400 ms  DeleteObjects: 2.000500 ms)

========================================================================
Received Import Request.
  Time since last request: 28.389607 seconds.
  path: Assets/Scripts/Weapons/BuyWeapon.cs
  artifactKey: Guid(ded71dcc6bec0ec4d9f6a2f4f1d9eb67) Importer(815301076,1909f56bfc062723c751e8b465ee728b)
Start importing Assets/Scripts/Weapons/BuyWeapon.cs using Guid(ded71dcc6bec0ec4d9f6a2f4f1d9eb67) Importer(815301076,1909f56bfc062723c751e8b465ee728b)  -> (artifact id: '591345ac37e5ee106b055a3571b34465') in 0.006810 seconds
  Import took 0.011650 seconds .

========================================================================
Received Import Request.
  Time since last request: 0.000239 seconds.
  path: Assets/Scripts/Weapons/FireWeapon.cs
  artifactKey: Guid(4577a9c0562843646ae5233ada129335) Importer(815301076,1909f56bfc062723c751e8b465ee728b)
Start importing Assets/Scripts/Weapons/FireWeapon.cs using Guid(4577a9c0562843646ae5233ada129335) Importer(815301076,1909f56bfc062723c751e8b465ee728b)  -> (artifact id: '5d4a403b25c3c32e26dba2d45340944d') in 0.002140 seconds
  Import took 0.006369 seconds .

========================================================================
Received Prepare
Registering precompiled user dll's ...
Registered in 0.001126 seconds.
Begin MonoManager ReloadAssembly
Native extension for WindowsStandalone target not found
Refreshing native plugins compatible for Editor in 0.44 ms, found 0 plugins.
Preloading 0 native plugins for Editor in 0.00 ms.
Warning: Annotation not found!
UnityEngine.StackTraceUtility:ExtractStackTrace ()
UnityEditor.ProBuilder.EditorUtility:SetGizmoIconEnabled (System.Type,bool) (at C:/Users/Joshua Verhoeff/Alien_Invasion/Library/PackageCache/com.unity.probuilder@4.4.0/Editor/EditorCore/EditorUtility.cs:593)
UnityEditor.ProBuilder.HierarchyListener:.cctor () (at C:/Users/Joshua Verhoeff/Alien_Invasion/Library/PackageCache/com.unity.probuilder@4.4.0/Editor/EditorCore/HierarchyListener.cs:21)
System.Runtime.CompilerServices.RuntimeHelpers:RunClassConstructor (System.RuntimeTypeHandle)
UnityEditor.EditorAssemblies:ProcessInitializeOnLoadAttributes (System.Type[])

[C:/Users/Joshua Verhoeff/Alien_Invasion/Library/PackageCache/com.unity.probuilder@4.4.0/Editor/EditorCore/EditorUtility.cs line 593]

Invoked RoslynAnalysisRunner static constructor.
RoslynAnalysisRunner will not be running.
RoslynAnalysisRunner has terminated.
Mono: successfully reloaded assembly
- Completed reload, in  0.729 seconds
Platform modules already initialized, skipping
Shader 'Universal Render Pipeline/Particles/Lit': fallback shader 'Universal Render Pipeline/Particles/SimpleLit' not found
Refreshing native plugins compatible for Editor in 0.45 ms, found 0 plugins.
Preloading 0 native plugins for Editor in 0.00 ms.
Unloading 2806 Unused Serialized files (Serialized files now loaded: 0)
System memory in use before: 138.5 MB.
System memory in use after: 137.1 MB.

Unloading 34 unused Assets to reduce memory usage. Loaded Objects now: 3390.
Total: 2.906200 ms (FindLiveObjects: 0.242900 ms CreateObjectMapping: 0.120700 ms MarkObjects: 1.675300 ms  DeleteObjects: 0.866400 ms)

========================================================================
Received Import Request.
  Time since last request: 77.061590 seconds.
  path: Assets/Scripts/Weapons/FireWeapon.cs
  artifactKey: Guid(4577a9c0562843646ae5233ada129335) Importer(815301076,1909f56bfc062723c751e8b465ee728b)
Start importing Assets/Scripts/Weapons/FireWeapon.cs using Guid(4577a9c0562843646ae5233ada129335) Importer(815301076,1909f56bfc062723c751e8b465ee728b)  -> (artifact id: '6de0366829e4264af73b2192507986f6') in 0.004018 seconds
  Import took 0.007497 seconds .

========================================================================
Received Prepare
Registering precompiled user dll's ...
Registered in 0.001149 seconds.
Begin MonoManager ReloadAssembly
Native extension for WindowsStandalone target not found
Refreshing native plugins compatible for Editor in 0.46 ms, found 0 plugins.
Preloading 0 native plugins for Editor in 0.00 ms.
Warning: Annotation not found!
UnityEngine.StackTraceUtility:ExtractStackTrace ()
UnityEditor.ProBuilder.EditorUtility:SetGizmoIconEnabled (System.Type,bool) (at C:/Users/Joshua Verhoeff/Alien_Invasion/Library/PackageCache/com.unity.probuilder@4.4.0/Editor/EditorCore/EditorUtility.cs:593)
UnityEditor.ProBuilder.HierarchyListener:.cctor () (at C:/Users/Joshua Verhoeff/Alien_Invasion/Library/PackageCache/com.unity.probuilder@4.4.0/Editor/EditorCore/HierarchyListener.cs:21)
System.Runtime.CompilerServices.RuntimeHelpers:RunClassConstructor (System.RuntimeTypeHandle)
UnityEditor.EditorAssemblies:ProcessInitializeOnLoadAttributes (System.Type[])

[C:/Users/Joshua Verhoeff/Alien_Invasion/Library/PackageCache/com.unity.probuilder@4.4.0/Editor/EditorCore/EditorUtility.cs line 593]

Invoked RoslynAnalysisRunner static constructor.
RoslynAnalysisRunner will not be running.
RoslynAnalysisRunner has terminated.
Mono: successfully reloaded assembly
- Completed reload, in  0.746 seconds
Platform modules already initialized, skipping
Shader 'Universal Render Pipeline/Particles/Lit': fallback shader 'Universal Render Pipeline/Particles/SimpleLit' not found
Refreshing native plugins compatible for Editor in 0.56 ms, found 0 plugins.
Preloading 0 native plugins for Editor in 0.00 ms.
Unloading 2806 Unused Serialized files (Serialized files now loaded: 0)
System memory in use before: 138.5 MB.
System memory in use after: 137.1 MB.

Unloading 34 unused Assets to reduce memory usage. Loaded Objects now: 3392.
Total: 3.404900 ms (FindLiveObjects: 0.280900 ms CreateObjectMapping: 0.140800 ms MarkObjects: 2.058700 ms  DeleteObjects: 0.923200 ms)

========================================================================
Received Prepare
Registering precompiled user dll's ...
Registered in 0.001168 seconds.
Begin MonoManager ReloadAssembly
Native extension for WindowsStandalone target not found
Refreshing native plugins compatible for Editor in 0.45 ms, found 0 plugins.
Preloading 0 native plugins for Editor in 0.00 ms.
Warning: Annotation not found!
UnityEngine.StackTraceUtility:ExtractStackTrace ()
UnityEditor.ProBuilder.EditorUtility:SetGizmoIconEnabled (System.Type,bool) (at C:/Users/Joshua Verhoeff/Alien_Invasion/Library/PackageCache/com.unity.probuilder@4.4.0/Editor/EditorCore/EditorUtility.cs:593)
UnityEditor.ProBuilder.HierarchyListener:.cctor () (at C:/Users/Joshua Verhoeff/Alien_Invasion/Library/PackageCache/com.unity.probuilder@4.4.0/Editor/EditorCore/HierarchyListener.cs:21)
System.Runtime.CompilerServices.RuntimeHelpers:RunClassConstructor (System.RuntimeTypeHandle)
UnityEditor.EditorAssemblies:ProcessInitializeOnLoadAttributes (System.Type[])

[C:/Users/Joshua Verhoeff/Alien_Invasion/Library/PackageCache/com.unity.probuilder@4.4.0/Editor/EditorCore/EditorUtility.cs line 593]

Invoked RoslynAnalysisRunner static constructor.
RoslynAnalysisRunner will not be running.
RoslynAnalysisRunner has terminated.
Mono: successfully reloaded assembly
- Completed reload, in  0.721 seconds
Platform modules already initialized, skipping
Shader 'Universal Render Pipeline/Particles/Lit': fallback shader 'Universal Render Pipeline/Particles/SimpleLit' not found
Refreshing native plugins compatible for Editor in 0.51 ms, found 0 plugins.
Preloading 0 native plugins for Editor in 0.00 ms.
Unloading 2806 Unused Serialized files (Serialized files now loaded: 0)
System memory in use before: 138.6 MB.
System memory in use after: 137.1 MB.

Unloading 34 unused Assets to reduce memory usage. Loaded Objects now: 3394.
Total: 3.301900 ms (FindLiveObjects: 0.275200 ms CreateObjectMapping: 0.125900 ms MarkObjects: 1.974800 ms  DeleteObjects: 0.925000 ms)

========================================================================
Received Prepare
Registering precompiled user dll's ...
Registered in 0.001132 seconds.
Begin MonoManager ReloadAssembly
Native extension for WindowsStandalone target not found
Refreshing native plugins compatible for Editor in 0.49 ms, found 0 plugins.
Preloading 0 native plugins for Editor in 0.00 ms.
Warning: Annotation not found!
UnityEngine.StackTraceUtility:ExtractStackTrace ()
UnityEditor.ProBuilder.EditorUtility:SetGizmoIconEnabled (System.Type,bool) (at C:/Users/Joshua Verhoeff/Alien_Invasion/Library/PackageCache/com.unity.probuilder@4.4.0/Editor/EditorCore/EditorUtility.cs:593)
UnityEditor.ProBuilder.HierarchyListener:.cctor () (at C:/Users/Joshua Verhoeff/Alien_Invasion/Library/PackageCache/com.unity.probuilder@4.4.0/Editor/EditorCore/HierarchyListener.cs:21)
System.Runtime.CompilerServices.RuntimeHelpers:RunClassConstructor (System.RuntimeTypeHandle)
UnityEditor.EditorAssemblies:ProcessInitializeOnLoadAttributes (System.Type[])

[C:/Users/Joshua Verhoeff/Alien_Invasion/Library/PackageCache/com.unity.probuilder@4.4.0/Editor/EditorCore/EditorUtility.cs line 593]

Invoked RoslynAnalysisRunner static constructor.
RoslynAnalysisRunner will not be running.
RoslynAnalysisRunner has terminated.
Mono: successfully reloaded assembly
- Completed reload, in  0.842 seconds
Platform modules already initialized, skipping
Shader 'Universal Render Pipeline/Particles/Lit': fallback shader 'Universal Render Pipeline/Particles/SimpleLit' not found
Refreshing native plugins compatible for Editor in 0.53 ms, found 0 plugins.
Preloading 0 native plugins for Editor in 0.00 ms.
Unloading 2806 Unused Serialized files (Serialized files now loaded: 0)
System memory in use before: 138.6 MB.
System memory in use after: 137.1 MB.

Unloading 34 unused Assets to reduce memory usage. Loaded Objects now: 3396.
Total: 5.987300 ms (FindLiveObjects: 1.599400 ms CreateObjectMapping: 0.497700 ms MarkObjects: 2.723900 ms  DeleteObjects: 1.158900 ms)

========================================================================
Received Prepare
Registering precompiled user dll's ...
Registered in 0.001150 seconds.
Begin MonoManager ReloadAssembly
Native extension for WindowsStandalone target not found
Refreshing native plugins compatible for Editor in 0.50 ms, found 0 plugins.
Preloading 0 native plugins for Editor in 0.00 ms.
Warning: Annotation not found!
UnityEngine.StackTraceUtility:ExtractStackTrace ()
UnityEditor.ProBuilder.EditorUtility:SetGizmoIconEnabled (System.Type,bool) (at C:/Users/Joshua Verhoeff/Alien_Invasion/Library/PackageCache/com.unity.probuilder@4.4.0/Editor/EditorCore/EditorUtility.cs:593)
UnityEditor.ProBuilder.HierarchyListener:.cctor () (at C:/Users/Joshua Verhoeff/Alien_Invasion/Library/PackageCache/com.unity.probuilder@4.4.0/Editor/EditorCore/HierarchyListener.cs:21)
System.Runtime.CompilerServices.RuntimeHelpers:RunClassConstructor (System.RuntimeTypeHandle)
UnityEditor.EditorAssemblies:ProcessInitializeOnLoadAttributes (System.Type[])

[C:/Users/Joshua Verhoeff/Alien_Invasion/Library/PackageCache/com.unity.probuilder@4.4.0/Editor/EditorCore/EditorUtility.cs line 593]

Invoked RoslynAnalysisRunner static constructor.
RoslynAnalysisRunner will not be running.
RoslynAnalysisRunner has terminated.
Mono: successfully reloaded assembly
- Completed reload, in  0.857 seconds
Platform modules already initialized, skipping
Shader 'Universal Render Pipeline/Particles/Lit': fallback shader 'Universal Render Pipeline/Particles/SimpleLit' not found
Refreshing native plugins compatible for Editor in 0.45 ms, found 0 plugins.
Preloading 0 native plugins for Editor in 0.00 ms.
Unloading 2806 Unused Serialized files (Serialized files now loaded: 0)
System memory in use before: 138.5 MB.
System memory in use after: 137.1 MB.

Unloading 34 unused Assets to reduce memory usage. Loaded Objects now: 3398.
Total: 3.063700 ms (FindLiveObjects: 0.251400 ms CreateObjectMapping: 0.109900 ms MarkObjects: 1.826100 ms  DeleteObjects: 0.875300 ms)

AssetImportWorkerClient::OnTransportError - code=2 error=End of file
